0 info it worked if it ends with ok
1 verbose cli [ 'C:\\Program Files\\nodejs\\node.exe',
1 verbose cli   'C:\\Users\\systems\\AppData\\Roaming\\npm\\node_modules\\npm\\bin\\npm-cli.js',
1 verbose cli   'run',
1 verbose cli   'build-css' ]
2 info using npm@3.3.12
3 info using node@v6.2.2
4 verbose run-script [ 'prebuild-css', 'build-css', 'postbuild-css' ]
5 info lifecycle clear@1.0.0~prebuild-css: clear@1.0.0
6 silly lifecycle clear@1.0.0~prebuild-css: no script for prebuild-css, continuing
7 info lifecycle clear@1.0.0~build-css: clear@1.0.0
8 verbose lifecycle clear@1.0.0~build-css: unsafe-perm in lifecycle true
9 verbose lifecycle clear@1.0.0~build-css: PATH: C:\Users\systems\AppData\Roaming\npm\node_modules\npm\bin\node-gyp-bin;C:\Users\systems\Documents\GitHub\clear\node_modules\.bin;C:\Users\systems\bin;C:\Program Files\Git\mingw64\bin;C:\Program Files\Git\usr\local\bin;C:\Program Files\Git\usr\bin;C:\Program Files\Git\usr\bin;C:\Program Files\Git\mingw64\bin;C:\Program Files\Git\usr\bin;C:\Users\systems\bin;C:\ProgramData\Oracle\Java\javapath;C:\Program Files (x86)\Intel\iCLS Client;C:\Program Files\Intel\iCLS Client;C:\WINDOWS\system32;C:\WINDOWS;C:\WINDOWS\System32\Wbem;C:\WINDOWS\System32\WindowsPowerShell\v1.0;C:\Program Files\Intel\Intel(R) Management Engine Components\DAL;C:\Program Files\Intel\Intel(R) Management Engine Components\IPT;C:\Program Files (x86)\Intel\Intel(R) Management Engine Components\DAL;C:\Program Files (x86)\Intel\Intel(R) Management Engine Components\IPT;%USERPROFILE%\.dnx\bin;C:\Program Files\Microsoft DNX\Dnvm;C:\Program Files\TortoiseSVN\bin;C:\Program Files\Git\cmd;C:\Program Files\Git\mingw64\bin;C:\Program Files\Git\usr\bin;C:\Program Files\nodejs;C:\Users\systems\AppData\Local\atom\bin;C:\Program Files (x86)\Microsoft VS Code\bin;C:\Users\systems\AppData\Roaming\npm;C:\Program Files\Git\usr\bin\vendor_perl;C:\Program Files\Git\usr\bin\core_perl
10 verbose lifecycle clear@1.0.0~build-css: CWD: C:\Users\systems\Documents\GitHub\clear
11 silly lifecycle clear@1.0.0~build-css: Args: [ '/d /s /c',
11 silly lifecycle   'node-sass --include-path scss scss/main.scss   css/main.css' ]
12 silly lifecycle clear@1.0.0~build-css: Returned: code: 1  signal: null
13 info lifecycle clear@1.0.0~build-css: Failed to exec build-css script
14 verbose stack Error: clear@1.0.0 build-css: `node-sass --include-path scss scss/main.scss   css/main.css`
14 verbose stack Exit status 1
14 verbose stack     at EventEmitter.<anonymous> (C:\Users\systems\AppData\Roaming\npm\node_modules\npm\lib\utils\lifecycle.js:232:16)
14 verbose stack     at emitTwo (events.js:106:13)
14 verbose stack     at EventEmitter.emit (events.js:191:7)
14 verbose stack     at ChildProcess.<anonymous> (C:\Users\systems\AppData\Roaming\npm\node_modules\npm\lib\utils\spawn.js:24:14)
14 verbose stack     at emitTwo (events.js:106:13)
14 verbose stack     at ChildProcess.emit (events.js:191:7)
14 verbose stack     at maybeClose (internal/child_process.js:852:16)
14 verbose stack     at Process.ChildProcess._handle.onexit (internal/child_process.js:215:5)
15 verbose pkgid clear@1.0.0
16 verbose cwd C:\Users\systems\Documents\GitHub\clear
17 error Windows_NT 10.0.10586
18 error argv "C:\\Program Files\\nodejs\\node.exe" "C:\\Users\\systems\\AppData\\Roaming\\npm\\node_modules\\npm\\bin\\npm-cli.js" "run" "build-css"
19 error node v6.2.2
20 error npm  v3.3.12
21 error code ELIFECYCLE
22 error clear@1.0.0 build-css: `node-sass --include-path scss scss/main.scss   css/main.css`
22 error Exit status 1
23 error Failed at the clear@1.0.0 build-css script 'node-sass --include-path scss scss/main.scss   css/main.css'.
23 error Make sure you have the latest version of node.js and npm installed.
23 error If you do, this is most likely a problem with the clear package,
23 error not with npm itself.
23 error Tell the author that this fails on your system:
23 error     node-sass --include-path scss scss/main.scss   css/main.css
23 error You can get their info via:
23 error     npm owner ls clear
23 error There is likely additional logging output above.
24 verbose exit [ 1, true ]
